<?xml version="1.0" encoding="utf-8"?><testsuites name="pytest tests"><testsuite name="pytest" errors="0" failures="1" skipped="0" tests="54" time="71.364" timestamp="2026-05-05T18:37:35.141162+00:00" hostname="agent-env-1a30dbaf-fe4a-4d01-88a0-8b2d9cde9259"><testcase classname="backend.tests.test_centcord_api" name="test_health" time="0.300" /><testcase classname="backend.tests.test_centcord_api" name="test_root" time="0.297" /><testcase classname="backend.tests.test_centcord_api" name="test_admin_login" time="0.487" /><testcase classname="backend.tests.test_centcord_api" name="test_admin_login_wrong_password" time="0.506" /><testcase classname="backend.tests.test_centcord_api" name="test_register_user1" time="0.397" /><testcase classname="backend.tests.test_centcord_api" name="test_register_user2" time="0.368" /><testcase classname="backend.tests.test_centcord_api" name="test_register_duplicate_email" time="0.286" /><testcase classname="backend.tests.test_centcord_api" name="test_auth_me" time="0.127" /><testcase classname="backend.tests.test_centcord_api" name="test_auth_me_unauthenticated" time="0.162" /><testcase classname="backend.tests.test_centcord_api" name="test_auth_refresh" time="0.649" /><testcase classname="backend.tests.test_centcord_api" name="test_update_profile" time="0.260" /><testcase classname="backend.tests.test_centcord_api" name="test_user_search" time="0.145" /><testcase classname="backend.tests.test_centcord_api" name="test_create_server" time="0.276" /><testcase classname="backend.tests.test_centcord_api" name="test_get_server" time="0.266" /><testcase classname="backend.tests.test_centcord_api" name="test_my_servers" time="0.260" /><testcase classname="backend.tests.test_centcord_api" name="test_non_member_cannot_read_server" time="0.231" /><testcase classname="backend.tests.test_centcord_api" name="test_update_server" time="0.216" /><testcase classname="backend.tests.test_centcord_api" name="test_create_category" time="0.146" /><testcase classname="backend.tests.test_centcord_api" name="test_create_channel" time="0.173" /><testcase classname="backend.tests.test_centcord_api" name="test_update_channel" time="0.253" /><testcase classname="backend.tests.test_centcord_api" name="test_create_role" time="0.132" /><testcase classname="backend.tests.test_centcord_api" name="test_list_members" time="0.274" /><testcase classname="backend.tests.test_centcord_api" name="test_create_invite" time="0.134" /><testcase classname="backend.tests.test_centcord_api" name="test_user2_joins_via_invite" time="0.284" /><testcase classname="backend.tests.test_centcord_api" name="test_invalid_invite" time="0.249" /><testcase classname="backend.tests.test_centcord_api" name="test_send_message" time="0.136" /><testcase classname="backend.tests.test_centcord_api" name="test_get_messages" time="0.163" /><testcase classname="backend.tests.test_centcord_api" name="test_edit_message" time="0.407" /><testcase classname="backend.tests.test_centcord_api" name="test_edit_message_forbidden" time="0.131" /><testcase classname="backend.tests.test_centcord_api" name="test_add_reaction" time="0.229" /><testcase classname="backend.tests.test_centcord_api" name="test_pin_message" time="0.388" /><testcase classname="backend.tests.test_centcord_api" name="test_pin_forbidden_for_non_manager" time="0.302" /><testcase classname="backend.tests.test_centcord_api" name="test_search_messages" time="0.126" /><testcase classname="backend.tests.test_centcord_api" name="test_delete_message" time="0.555" /><testcase classname="backend.tests.test_centcord_api" name="test_create_dm" time="0.127" /><testcase classname="backend.tests.test_centcord_api" name="test_list_dms" time="0.205" /><testcase classname="backend.tests.test_centcord_api" name="test_send_dm_plain" time="0.350" /><testcase classname="backend.tests.test_centcord_api" name="test_send_dm_e2e" time="0.166" /><testcase classname="backend.tests.test_centcord_api" name="test_get_dm_messages" time="0.245" /><testcase classname="backend.tests.test_centcord_api" name="test_friend_request" time="0.140" /><testcase classname="backend.tests.test_centcord_api" name="test_list_friends_pending" time="0.309" /><testcase classname="backend.tests.test_centcord_api" name="test_accept_friend" time="0.254" /><testcase classname="backend.tests.test_centcord_api" name="test_remove_friend" time="0.140" /><testcase classname="backend.tests.test_centcord_api" name="test_discover_public_servers" time="0.156" /><testcase classname="backend.tests.test_centcord_api" name="test_audit_log" time="0.146" /><testcase classname="backend.tests.test_centcord_api" name="test_non_owner_cannot_delete" time="0.238" /><testcase classname="backend.tests.test_centcord_api" name="test_kick_member" time="0.300" /><testcase classname="backend.tests.test_centcord_api" name="test_ban_member" time="15.585" /><testcase classname="backend.tests.test_centcord_api" name="test_delete_channel" time="0.173" /><testcase classname="backend.tests.test_centcord_api" name="test_upload_file" time="0.581" /><testcase classname="backend.tests.test_centcord_api" name="test_upload_bad_type" time="0.123" /><testcase classname="backend.tests.test_centcord_api" name="test_login_rate_limit" time="27.117"><failure message="AssertionError: Expected 429 somewhere, got [401, 401, 401, 401, 401, 401, 401, 401, 401, 401, 401, 401]&#10;assert 429 in [401, 401, 401, 401, 401, 401, ...]">backend/tests/test_centcord_api.py:509: in test_login_rate_limit
    assert 429 in statuses, f"Expected 429 somewhere, got {statuses}"
E   AssertionError: Expected 429 somewhere, got [401, 401, 401, 401, 401, 401, 401, 401, 401, 401, 401, 401]
E   assert 429 in [401, 401, 401, 401, 401, 401, ...]</failure></testcase><testcase classname="backend.tests.test_centcord_api" name="test_owner_cannot_leave" time="0.131" /><testcase classname="backend.tests.test_centcord_api" name="test_delete_server_cleanup" time="15.393" /></testsuite></testsuites>