<?xml version="1.0" encoding="utf-8"?><testsuites name="pytest tests"><testsuite name="pytest" errors="0" failures="0" skipped="0" tests="9" time="2.762" timestamp="2026-05-08T23:42:29.033875+00:00" hostname="agent-env-e7ba041c-bd9d-40f6-8572-1f232f290ffc"><testcase classname="backend.tests.test_rail_unread" name="test_servers_unread_returns_200_for_admin" time="0.490" /><testcase classname="backend.tests.test_rail_unread" name="test_servers_unread_returns_200_for_new_user" time="0.595" /><testcase classname="backend.tests.test_rail_unread" name="test_servers_unread_unauthenticated" time="0.200" /><testcase classname="backend.tests.test_rail_unread" name="test_channels_unread_returns_200" time="0.107" /><testcase classname="backend.tests.test_rail_unread" name="test_me_rail_get_returns_layout" time="0.362" /><testcase classname="backend.tests.test_rail_unread" name="test_me_rail_put_creates_folder_with_two_servers" time="0.288" /><testcase classname="backend.tests.test_rail_unread" name="test_me_rail_put_drops_unknown_server_ids" time="0.132" /><testcase classname="backend.tests.test_rail_unread" name="test_me_rail_put_auto_appends_missing_member_servers" time="0.109" /><testcase classname="backend.tests.test_rail_unread" name="test_me_rail_unauthenticated" time="0.410" /></testsuite></testsuites>